<?xml version="1.0" encoding="UTF-8"?>
<testsuite name="com.crud.tasks.TaskApplicationTests" tests="1" skipped="0" failures="0" errors="0" timestamp="2023-03-02T10:55:55" hostname="MASZYNKA-WITKA" time="0.254">
  <properties/>
  <testcase name="contextLoads()" classname="com.crud.tasks.TaskApplicationTests" time="0.254"/>
  <system-out><![CDATA[11:55:51.022 [Test worker] DEBUG org.springframework.boot.test.context.SpringBootTestContextBootstrapper - Neither @ContextConfiguration nor @ContextHierarchy found for test class [TaskApplicationTests]: using SpringBootContextLoader
11:55:51.029 [Test worker] DEBUG org.springframework.test.context.support.AbstractContextLoader - Could not detect default resource locations for test class [com.crud.tasks.TaskApplicationTests]: no resource found for suffixes {-context.xml, Context.groovy}.
11:55:51.030 [Test worker] INFO org.springframework.test.context.support.AnnotationConfigContextLoaderUtils - Could not detect default configuration classes for test class [com.crud.tasks.TaskApplicationTests]: TaskApplicationTests does not declare any static, non-private, non-final, nested classes annotated with @Configuration.
11:55:51.060 [Test worker] DEBUG org.springframework.boot.test.context.SpringBootTestContextBootstrapper - Using ContextCustomizers for test class [TaskApplicationTests]: [DisableObservabilityContextCustomizer, PropertyMappingContextCustomizer, Customizer, ExcludeFilterContextCustomizer, DuplicateJsonObjectContextCustomizer, MockitoContextCustomizer, TestRestTemplateContextCustomizer]
11:55:51.143 [Test worker] DEBUG org.springframework.context.annotation.ClassPathScanningCandidateComponentProvider - Identified candidate component class: file [C:\Users\Witol\IdeaProjects\task\build\classes\java\main\com\crud\tasks\TaskApplication.class]
11:55:51.146 [Test worker] INFO org.springframework.boot.test.context.SpringBootTestContextBootstrapper - Found @SpringBootConfiguration com.crud.tasks.TaskApplication for test class com.crud.tasks.TaskApplicationTests
11:55:51.298 [Test worker] DEBUG org.springframework.boot.test.context.SpringBootTestContextBootstrapper - Using TestExecutionListeners for test class [TaskApplicationTests]: [ServletTestExecutionListener, DirtiesContextBeforeModesTestExecutionListener, ApplicationEventsTestExecutionListener, MockitoTestExecutionListener, DependencyInjectionTestExecutionListener, DirtiesContextTestExecutionListener, TransactionalTestExecutionListener, SqlScriptsTestExecutionListener, EventPublishingTestExecutionListener, RestDocsTestExecutionListener, MockRestServiceServerResetTestExecutionListener, MockMvcPrintOnlyOnFailureTestExecutionListener, WebDriverTestExecutionListener, MockWebServiceServerTestExecutionListener, ResetMocksTestExecutionListener]
11:55:51.300 [Test worker] DEBUG org.springframework.test.context.support.AbstractDirtiesContextTestExecutionListener - Before test class: class [TaskApplicationTests], class annotated with @DirtiesContext [false] with mode [null]

  .   ____          _            __ _ _
 /\\ / ___'_ __ _ _(_)_ __  __ _ \ \ \ \
( ( )\___ | '_ | '_| | '_ \/ _` | \ \ \ \
 \\/  ___)| |_)| | | | | || (_| |  ) ) ) )
  '  |____| .__|_| |_|_| |_\__, | / / / /
 =========|_|==============|___/=/_/_/_/
 :: Spring Boot ::                (v3.0.2)

2023-03-02T11:55:51.634+01:00  INFO 25532 --- [    Test worker] com.crud.tasks.TaskApplicationTests      : Starting TaskApplicationTests using Java 17.0.5 with PID 25532 (started by Witol in C:\Users\Witol\IdeaProjects\task)
2023-03-02T11:55:51.637+01:00  INFO 25532 --- [    Test worker] com.crud.tasks.TaskApplicationTests      : No active profile set, falling back to 1 default profile: "default"
2023-03-02T11:55:52.460+01:00  INFO 25532 --- [    Test worker] .s.d.r.c.RepositoryConfigurationDelegate : Bootstrapping Spring Data JPA repositories in DEFAULT mode.
2023-03-02T11:55:52.521+01:00  INFO 25532 --- [    Test worker] .s.d.r.c.RepositoryConfigurationDelegate : Finished Spring Data repository scanning in 51 ms. Found 1 JPA repository interfaces.
2023-03-02T11:55:53.015+01:00  INFO 25532 --- [    Test worker] o.hibernate.jpa.internal.util.LogHelper  : HHH000204: Processing PersistenceUnitInfo [name: default]
2023-03-02T11:55:53.095+01:00  INFO 25532 --- [    Test worker] org.hibernate.Version                    : HHH000412: Hibernate ORM core version 6.1.6.Final
2023-03-02T11:55:53.328+01:00  WARN 25532 --- [    Test worker] org.hibernate.orm.deprecation            : HHH90000021: Encountered deprecated setting [javax.persistence.sharedCache.mode], use [jakarta.persistence.sharedCache.mode] instead
2023-03-02T11:55:53.508+01:00  INFO 25532 --- [    Test worker] com.zaxxer.hikari.HikariDataSource       : HikariPool-1 - Starting...
2023-03-02T11:55:53.715+01:00  INFO 25532 --- [    Test worker] com.zaxxer.hikari.pool.HikariPool        : HikariPool-1 - Added connection com.mysql.cj.jdbc.ConnectionImpl@9729a97
2023-03-02T11:55:53.718+01:00  INFO 25532 --- [    Test worker] com.zaxxer.hikari.HikariDataSource       : HikariPool-1 - Start completed.
2023-03-02T11:55:53.736+01:00  INFO 25532 --- [    Test worker] SQL dialect                              : HHH000400: Using dialect: org.hibernate.dialect.MySQL57Dialect
2023-03-02T11:55:53.737+01:00  WARN 25532 --- [    Test worker] org.hibernate.orm.deprecation            : HHH90000026: MySQL57Dialect has been deprecated; use org.hibernate.dialect.MySQLDialect instead
2023-03-02T11:55:54.575+01:00  INFO 25532 --- [    Test worker] o.h.e.t.j.p.i.JtaPlatformInitiator       : HHH000490: Using JtaPlatform implementation: [org.hibernate.engine.transaction.jta.platform.internal.NoJtaPlatform]
2023-03-02T11:55:54.585+01:00  INFO 25532 --- [    Test worker] j.LocalContainerEntityManagerFactoryBean : Initialized JPA EntityManagerFactory for persistence unit 'default'
2023-03-02T11:55:55.180+01:00  WARN 25532 --- [    Test worker] JpaBaseConfiguration$JpaWebConfiguration : spring.jpa.open-in-view is enabled by default. Therefore, database queries may be performed during view rendering. Explicitly configure spring.jpa.open-in-view to disable this warning
2023-03-02T11:55:55.639+01:00  INFO 25532 --- [    Test worker] com.crud.tasks.TaskApplicationTests      : Started TaskApplicationTests in 4.279 seconds (process running for 5.712)
]]></system-out>
  <system-err><![CDATA[]]></system-err>
</testsuite>
